2025-11-09 03:32:04 [INFO]: ============================================================
2025-11-09 03:32:04 [INFO]: Jueying Lite3 Multiplexor v2.1 - Hybrid ROS + UDP
2025-11-09 03:32:04 [INFO]: ============================================================
2025-11-09 03:32:04 [INFO]: [UDP] Initializing client...
2025-11-09 03:32:04 [INFO]: [UDP] Client ready. Target: 192.168.1.120:43893
2025-11-09 03:32:04 [INFO]: [UDP] Heartbeat started (250ms)
2025-11-09 03:32:04 [INFO]: [UDP] Mode changed to: pose
2025-11-09 03:32:04 [INFO]: [UDP] Client initialized
2025-11-09 03:32:04 [INFO]: [ROS] Connecting to rosbridge: ws://localhost:9090
2025-11-09 03:32:05 [ERROR]: [ROS] Connection error: connect ECONNREFUSED 127.0.0.1:9090
2025-11-09 03:32:13 [INFO]: ============================================================
2025-11-09 03:32:13 [INFO]: Jueying Lite3 Multiplexor v2.1 - Hybrid ROS + UDP
2025-11-09 03:32:13 [INFO]: ============================================================
2025-11-09 03:32:13 [INFO]: [UDP] Initializing client...
2025-11-09 03:32:13 [INFO]: [UDP] Client ready. Target: 192.168.1.120:43893
2025-11-09 03:32:13 [INFO]: [UDP] Heartbeat started (250ms)
2025-11-09 03:32:13 [INFO]: [UDP] Mode changed to: pose
2025-11-09 03:32:13 [INFO]: [UDP] Client initialized
2025-11-09 03:32:13 [INFO]: [ROS] Connecting to rosbridge: ws://localhost:9090
2025-11-09 03:32:13 [INFO]: [ROS] Connected to rosbridge
2025-11-09 03:32:13 [INFO]: [ROS] Subscribed to telemetry topics
2025-11-09 03:32:13 [INFO]: [SERVER] WebSocket listening on port 8080
2025-11-09 03:32:13 [INFO]: [SERVER] Ready to accept connections
2025-11-09 03:32:13 [INFO]: ============================================================
2025-11-09 03:40:56 [INFO]: [WS] New connection: client_1762630856196_429xb9ztk from ::ffff:100.89.198.55
2025-11-09 03:41:13 [INFO]: [AUTH] Login attempt: operator1
2025-11-09 03:41:13 [INFO]: [AUTH] User authenticated: operator1 (operator)
2025-11-09 03:41:31 [INFO]: [CONTROL] Control granted to: operator1
2025-11-09 03:41:34 [INFO]: [UDP] Action executed: sit_stand
2025-11-09 03:41:43 [INFO]: [UDP] Mode changed to: move
2025-11-09 03:41:46 [INFO]: [UDP] Axis sending started (20Hz)
2025-11-09 03:41:48 [INFO]: [UDP] Axis sending started (20Hz)
2025-11-09 03:41:49 [INFO]: [UDP] Axis sending started (20Hz)
2025-11-09 03:41:54 [INFO]: [UDP] Axis sending started (20Hz)
2025-11-09 03:41:55 [INFO]: [UDP] Axis sending started (20Hz)
2025-11-09 03:41:57 [INFO]: [UDP] Axis sending started (20Hz)
2025-11-09 03:42:02 [INFO]: [UDP] Gait set to: flat_slow
2025-11-09 03:42:03 [INFO]: [UDP] Axis sending started (20Hz)
2025-11-09 03:42:08 [INFO]: [UDP] Mode changed to: pose
2025-11-09 03:42:09 [INFO]: [UDP] Action executed: sit_stand
2025-11-09 03:44:18 [INFO]: [UDP] Action executed: sit_stand
2025-11-09 03:44:31 [INFO]: [UDP] Action executed: sit_stand
2025-11-09 03:59:17 [INFO]: [UDP] Action executed: sit_stand
2025-11-09 03:59:28 [INFO]: [UDP] Mode changed to: move
2025-11-09 03:59:32 [INFO]: [UDP] Axis sending started (20Hz)
2025-11-09 03:59:42 [INFO]: [UDP] Mode changed to: pose
2025-11-09 03:59:43 [INFO]: [UDP] Mode changed to: move
2025-11-09 03:59:48 [INFO]: [UDP] Mode changed to: pose
2025-11-09 03:59:52 [INFO]: [UDP] Action executed: sit_stand
2025-11-09 04:26:00 [INFO]: [WS] Client disconnected: client_1762630856196_429xb9ztk
2025-11-09 04:26:00 [INFO]: [CONTROL] Control released
2025-11-09 04:26:00 [WARN]: [UDP] Axis control only works in MOVE mode
2025-11-09 04:28:21 [INFO]: [WS] New connection: client_1762633701778_an3wcfm5g from ::ffff:100.89.198.55
2025-11-09 04:31:02 [INFO]: [WS] New connection: client_1762633862915_fr5snz5k2 from ::ffff:100.106.194.3
2025-11-09 04:31:16 [INFO]: [AUTH] Login attempt: Operator1
2025-11-09 04:31:16 [WARN]: [AUTH] Failed login: Operator1
2025-11-09 04:31:20 [INFO]: [AUTH] Login attempt: Operator1
2025-11-09 04:31:20 [WARN]: [AUTH] Failed login: Operator1
2025-11-09 04:31:22 [INFO]: [AUTH] Login attempt: Operator1
2025-11-09 04:31:22 [WARN]: [AUTH] Failed login: Operator1
2025-11-09 04:31:32 [INFO]: [AUTH] Login attempt: Operator1
2025-11-09 04:31:32 [WARN]: [AUTH] Failed login: Operator1
2025-11-09 04:31:48 [INFO]: [AUTH] Login attempt: Operator1
2025-11-09 04:31:48 [WARN]: [AUTH] Failed login: Operator1
2025-11-09 04:31:52 [INFO]: [AUTH] Login attempt: Operator
2025-11-09 04:31:52 [WARN]: [AUTH] Failed login: Operator
2025-11-09 04:32:09 [INFO]: [AUTH] Login attempt: Admin
2025-11-09 04:32:09 [WARN]: [AUTH] Failed login: Admin
2025-11-09 04:32:19 [INFO]: [AUTH] Login attempt: admin
2025-11-09 04:32:20 [INFO]: [AUTH] User authenticated: admin (admin)
2025-11-09 04:32:42 [INFO]: [CONTROL] Control granted to: admin
2025-11-09 04:32:52 [INFO]: [UDP] Action executed: sit_stand
2025-11-09 04:32:57 [INFO]: [UDP] Mode changed to: move
2025-11-09 04:33:07 [INFO]: [UDP] Mode changed to: pose
2025-11-09 04:33:10 [WARN]: [UDP] Axis control only works in MOVE mode
2025-11-09 04:33:10 [INFO]: [CONTROL] Control released by: admin
2025-11-09 04:34:02 [INFO]: [CONTROL] Control granted to: admin
2025-11-09 04:34:06 [INFO]: [UDP] Action executed: sit_stand
2025-11-09 04:34:09 [INFO]: [UDP] Mode changed to: move
2025-11-09 04:34:13 [INFO]: [UDP] Mode changed to: pose
2025-11-09 04:34:14 [INFO]: [UDP] Action executed: sit_stand
2025-11-09 04:34:18 [INFO]: [UDP] Mode changed to: move
2025-11-09 04:34:20 [INFO]: [UDP] Axis sending started (20Hz)
2025-11-09 04:34:29 [INFO]: [UDP] Mode changed to: pose
2025-11-09 04:34:30 [INFO]: [UDP] Action executed: sit_stand
2025-11-09 04:34:34 [WARN]: [UDP] Axis control only works in MOVE mode
2025-11-09 04:34:34 [INFO]: [CONTROL] Control released by: admin
2025-11-09 04:36:16 [INFO]: [CONTROL] Control granted to: admin
2025-11-09 04:36:18 [INFO]: [UDP] Mode changed to: move
2025-11-09 04:36:21 [INFO]: [UDP] Axis sending started (20Hz)
2025-11-09 04:36:28 [INFO]: [UDP] Mode changed to: pose
2025-11-09 04:36:32 [WARN]: [UDP] Axis control only works in MOVE mode
2025-11-09 04:36:32 [INFO]: [CONTROL] Control released by: admin
2025-11-09 04:40:47 [INFO]: [CONTROL] Control granted to: admin
2025-11-09 04:40:56 [WARN]: [UDP] Axis control only works in MOVE mode
2025-11-09 04:40:56 [INFO]: [CONTROL] Control released by: admin
2025-11-09 04:41:06 [INFO]: [WS] Client disconnected: client_1762633862915_fr5snz5k2
2025-11-09 04:41:10 [INFO]: [WS] New connection: client_1762634470211_kmi0nzcd1 from ::ffff:100.106.194.3
2025-11-09 04:41:24 [INFO]: [AUTH] Login attempt: operator1
2025-11-09 04:41:24 [INFO]: [AUTH] User authenticated: operator1 (operator)
2025-11-09 04:41:37 [INFO]: [CONTROL] Control granted to: operator1
2025-11-09 04:41:41 [INFO]: [UDP] Mode changed to: move
2025-11-09 04:41:44 [INFO]: [UDP] Mode changed to: pose
2025-11-09 04:41:48 [INFO]: [UDP] Action executed: sit_stand
2025-11-09 04:41:52 [INFO]: [UDP] Action executed: sit_stand
2025-11-09 04:41:55 [INFO]: [UDP] Mode changed to: move
2025-11-09 04:41:57 [INFO]: [UDP] Mode changed to: pose
2025-11-09 04:41:58 [WARN]: [UDP] Axis control only works in MOVE mode
2025-11-09 04:41:58 [INFO]: [CONTROL] Control released by: operator1
2025-11-09 04:44:54 [INFO]: [AUTH] Login attempt: operator1
2025-11-09 04:44:54 [INFO]: [AUTH] User authenticated: operator1 (operator)
2025-11-09 04:45:09 [INFO]: [CONTROL] Control granted to: operator1
2025-11-09 04:45:11 [INFO]: [UDP] Mode changed to: move
2025-11-09 04:45:17 [INFO]: [UDP] Mode changed to: pose
2025-11-09 04:45:18 [WARN]: [UDP] Axis control only works in MOVE mode
2025-11-09 04:45:18 [INFO]: [CONTROL] Control released by: operator1
2025-11-09 04:47:29 [INFO]: [WS] Client disconnected: client_1762634470211_kmi0nzcd1
2025-11-09 04:48:11 [INFO]: [WS] New connection: client_1762634891210_0iufbls23 from ::ffff:100.106.194.3
2025-11-09 04:48:18 [INFO]: [WS] Client disconnected: client_1762634891210_0iufbls23
2025-11-09 05:02:53 [INFO]: [WS] New connection: client_1762635773688_zjdlzlnbf from ::ffff:100.106.194.3
2025-11-09 05:03:05 [INFO]: [AUTH] Login attempt: operator1 
2025-11-09 05:03:05 [WARN]: [AUTH] Failed login: operator1 
2025-11-09 05:03:09 [INFO]: [AUTH] Login attempt: operator1 
2025-11-09 05:03:09 [WARN]: [AUTH] Failed login: operator1 
2025-11-09 05:03:19 [INFO]: [AUTH] Login attempt: operator1 
2025-11-09 05:03:19 [WARN]: [AUTH] Failed login: operator1 
2025-11-09 05:03:22 [INFO]: [AUTH] Login attempt: operator1
2025-11-09 05:03:23 [INFO]: [AUTH] User authenticated: operator1 (operator)
2025-11-09 05:03:59 [INFO]: [CONTROL] Control granted to: operator1
2025-11-09 05:04:58 [INFO]: [WS] Client disconnected: client_1762633701778_an3wcfm5g
2025-11-09 05:04:58 [INFO]: [WS] New connection: client_1762635898951_9gd5o2xkr from ::ffff:100.89.198.55
2025-11-09 05:05:07 [INFO]: [AUTH] Login attempt: operator1
2025-11-09 05:05:07 [INFO]: [AUTH] User authenticated: operator1 (operator)
2025-11-09 05:05:27 [INFO]: [WS] Client disconnected: client_1762635773688_zjdlzlnbf
2025-11-09 05:05:27 [INFO]: [CONTROL] Control released
2025-11-09 05:05:27 [WARN]: [UDP] Axis control only works in MOVE mode
2025-11-09 05:05:46 [INFO]: [WS] New connection: client_1762635946369_ntos4ifn0 from ::ffff:100.106.194.3
2025-11-09 05:06:02 [INFO]: [AUTH] Login attempt: operator1
2025-11-09 05:06:02 [INFO]: [AUTH] User authenticated: operator1 (operator)
2025-11-09 05:06:14 [INFO]: [CONTROL] Control granted to: operator1
2025-11-09 05:06:21 [INFO]: [UDP] Action executed: sit_stand
2025-11-09 05:06:51 [INFO]: [UDP] Action executed: sit_stand
2025-11-09 05:07:28 [WARN]: [UDP] Axis control only works in MOVE mode
2025-11-09 05:07:28 [INFO]: [CONTROL] Control released by: operator1
2025-11-09 05:07:39 [INFO]: [CONTROL] Control granted to: operator1
2025-11-09 05:07:47 [INFO]: [WS] Client disconnected: client_1762635946369_ntos4ifn0
2025-11-09 05:07:52 [INFO]: [UDP] Mode changed to: move
2025-11-09 05:07:53 [INFO]: [UDP] Mode changed to: pose
2025-11-09 05:07:54 [INFO]: [UDP] Action executed: sit_stand
2025-11-09 05:08:00 [INFO]: [UDP] Action executed: sit_stand
2025-11-09 05:08:05 [WARN]: [UDP] Axis control only works in MOVE mode
2025-11-09 05:08:05 [INFO]: [CONTROL] Control released by: operator1
2025-11-09 05:15:39 [INFO]: [WS] Client disconnected: client_1762635898951_9gd5o2xkr
2025-11-09 05:15:39 [INFO]: [WS] New connection: client_1762636539982_z81eqoxrr from ::ffff:100.89.198.55
2025-11-09 05:15:46 [INFO]: [AUTH] Login attempt: operator1
2025-11-09 05:15:46 [INFO]: [AUTH] User authenticated: operator1 (operator)
2025-11-09 05:16:02 [INFO]: [WS] New connection: client_1762636562615_mjmsz75ds from ::ffff:100.106.194.3
2025-11-09 05:16:21 [INFO]: [AUTH] Login attempt: operator1
2025-11-09 05:16:21 [INFO]: [AUTH] User authenticated: operator1 (operator)
2025-11-09 05:16:42 [INFO]: [CONTROL] Control granted to: operator1
2025-11-09 05:17:00 [INFO]: [WS] Client disconnected: client_1762636562615_mjmsz75ds
2025-11-09 05:17:00 [INFO]: [CONTROL] Control released
2025-11-09 05:17:00 [WARN]: [UDP] Axis control only works in MOVE mode
2025-11-09 05:17:27 [INFO]: [WS] Client disconnected: client_1762636539982_z81eqoxrr
2025-11-09 05:19:39 [INFO]: [SERVER] Shutting down...
2025-11-09 05:20:41 [INFO]: ============================================================
2025-11-09 05:20:41 [INFO]: Jueying Lite3 Multiplexor v2.1 - Hybrid ROS + UDP
2025-11-09 05:20:41 [INFO]: ============================================================
2025-11-09 05:20:41 [INFO]: [UDP] Initializing client...
2025-11-09 05:20:41 [INFO]: [UDP] Client ready. Target: 192.168.1.120:43893
2025-11-09 05:20:41 [INFO]: [UDP] Heartbeat started (250ms)
2025-11-09 05:20:41 [INFO]: [UDP] Mode changed to: pose
2025-11-09 05:20:41 [INFO]: [UDP] Client initialized
2025-11-09 05:20:41 [INFO]: [ROS] Connecting to rosbridge: ws://localhost:9090
2025-11-09 05:20:41 [ERROR]: [ROS] Connection error: connect ECONNREFUSED 127.0.0.1:9090
2025-11-09 05:20:50 [INFO]: ============================================================
2025-11-09 05:20:50 [INFO]: Jueying Lite3 Multiplexor v2.1 - Hybrid ROS + UDP
2025-11-09 05:20:50 [INFO]: ============================================================
2025-11-09 05:20:50 [INFO]: [UDP] Initializing client...
2025-11-09 05:20:50 [INFO]: [UDP] Client ready. Target: 192.168.1.120:43893
2025-11-09 05:20:50 [INFO]: [UDP] Heartbeat started (250ms)
2025-11-09 05:20:50 [INFO]: [UDP] Mode changed to: pose
2025-11-09 05:20:50 [INFO]: [UDP] Client initialized
2025-11-09 05:20:50 [INFO]: [ROS] Connecting to rosbridge: ws://localhost:9090
2025-11-09 05:20:50 [ERROR]: [ROS] Connection error: connect ECONNREFUSED 127.0.0.1:9090
2025-11-09 05:20:58 [INFO]: ============================================================
2025-11-09 05:20:58 [INFO]: Jueying Lite3 Multiplexor v2.1 - Hybrid ROS + UDP
2025-11-09 05:20:58 [INFO]: ============================================================
2025-11-09 05:20:58 [INFO]: [UDP] Initializing client...
2025-11-09 05:20:59 [INFO]: [UDP] Client ready. Target: 192.168.1.120:43893
2025-11-09 05:20:59 [INFO]: [UDP] Heartbeat started (250ms)
2025-11-09 05:20:59 [INFO]: [UDP] Mode changed to: pose
2025-11-09 05:20:59 [INFO]: [UDP] Client initialized
2025-11-09 05:20:59 [INFO]: [ROS] Connecting to rosbridge: ws://localhost:9090
2025-11-09 05:20:59 [INFO]: [ROS] Connected to rosbridge
2025-11-09 05:20:59 [INFO]: [ROS] Subscribed to telemetry topics
2025-11-09 05:20:59 [INFO]: [SERVER] WebSocket listening on port 8080
2025-11-09 05:20:59 [INFO]: [SERVER] Ready to accept connections
2025-11-09 05:20:59 [INFO]: ============================================================
2025-11-09 05:22:27 [INFO]: [WS] New connection: client_1762636947157_ko464fuv6 from ::ffff:100.89.198.55
2025-11-09 05:22:52 [INFO]: [AUTH] Login attempt: operator1
2025-11-09 05:22:52 [INFO]: [AUTH] User authenticated: operator1 (operator)
2025-11-09 05:23:16 [INFO]: [CONTROL] Control granted to: operator1
2025-11-09 05:23:20 [INFO]: [UDP] Action executed: sit_stand
2025-11-09 05:23:26 [INFO]: [UDP] Action executed: sit_stand
2025-11-09 05:23:29 [INFO]: [UDP] Action executed: sit_stand
2025-11-09 05:23:32 [INFO]: [UDP] Mode changed to: move
2025-11-09 05:23:37 [INFO]: [UDP] Gait set to: flat_slow
2025-11-09 05:23:39 [INFO]: [UDP] Axis sending started (20Hz)
2025-11-09 05:23:42 [INFO]: [UDP] Axis sending started (20Hz)
2025-11-09 05:23:45 [INFO]: [UDP] Axis sending started (20Hz)
2025-11-09 05:23:48 [INFO]: [UDP] Axis sending started (20Hz)
2025-11-09 05:23:51 [INFO]: [UDP] Axis sending started (20Hz)
2025-11-09 05:23:56 [INFO]: [UDP] Mode changed to: pose
2025-11-09 05:23:58 [INFO]: [UDP] Action executed: sit_stand
2025-11-09 05:24:02 [WARN]: [UDP] Axis control only works in MOVE mode
2025-11-09 05:24:02 [INFO]: [CONTROL] Control released by: operator1
2025-11-09 05:25:51 [INFO]: [CONTROL] Control granted to: operator1
2025-11-09 05:25:59 [INFO]: [UDP] Action executed: sit_stand
2025-11-09 05:26:07 [INFO]: [UDP] Mode changed to: move
2025-11-09 05:26:12 [INFO]: [UDP] Axis sending started (20Hz)
2025-11-09 05:26:20 [INFO]: [UDP] Axis sending started (20Hz)
2025-11-09 05:26:22 [INFO]: [UDP] Axis sending started (20Hz)
2025-11-09 05:26:27 [INFO]: [UDP] Axis sending started (20Hz)
2025-11-09 05:26:36 [INFO]: [UDP] Gait set to: flat_medium
2025-11-09 05:26:38 [INFO]: [UDP] Gait set to: flat_crawl
2025-11-09 05:26:41 [INFO]: [UDP] Gait set to: flat_slow
2025-11-09 05:26:45 [INFO]: [UDP] Mode changed to: pose
2025-11-09 05:26:49 [INFO]: [UDP] Action executed: sit_stand
2025-11-09 05:27:08 [WARN]: [UDP] Axis control only works in MOVE mode
2025-11-09 05:27:08 [INFO]: [CONTROL] Control released by: operator1
2025-11-09 05:28:11 [INFO]: [WS] New connection: client_1762637291616_cpxcosing from ::ffff:100.106.194.3
2025-11-09 05:28:23 [INFO]: [AUTH] Login attempt: operator1
2025-11-09 05:28:23 [INFO]: [AUTH] User authenticated: operator1 (operator)
2025-11-09 05:28:35 [INFO]: [CONTROL] Control granted to: operator1
2025-11-09 05:28:37 [INFO]: [UDP] Mode changed to: move
2025-11-09 05:28:37 [INFO]: [UDP] Mode changed to: pose
2025-11-09 05:28:39 [INFO]: [UDP] Action executed: sit_stand
2025-11-09 05:28:45 [INFO]: [UDP] Action executed: sit_stand
2025-11-09 05:28:50 [WARN]: [UDP] Axis control only works in MOVE mode
2025-11-09 05:28:50 [INFO]: [CONTROL] Control released by: operator1
2025-11-09 05:29:08 [INFO]: [CONTROL] Control granted to: operator1
2025-11-09 05:29:09 [INFO]: [UDP] Mode changed to: move
2025-11-09 05:29:10 [INFO]: [UDP] Mode changed to: pose
2025-11-09 05:29:14 [WARN]: [UDP] Axis control only works in MOVE mode
2025-11-09 05:29:14 [INFO]: [CONTROL] Control released by: operator1
2025-11-09 05:29:31 [INFO]: [CONTROL] Control granted to: operator1
2025-11-09 05:29:32 [INFO]: [UDP] Mode changed to: move
2025-11-09 05:29:36 [INFO]: [UDP] Mode changed to: pose
2025-11-09 05:29:39 [WARN]: [UDP] Axis control only works in MOVE mode
2025-11-09 05:29:39 [INFO]: [CONTROL] Control released by: operator1
2025-11-09 06:04:51 [INFO]: [WS] Client disconnected: client_1762637291616_cpxcosing
2025-11-09 06:05:16 [INFO]: [WS] New connection: client_1762639516196_k6inmlo1t from ::ffff:100.124.255.9
2025-11-09 06:05:40 [INFO]: [AUTH] Login attempt: operator1
2025-11-09 06:05:40 [INFO]: [AUTH] User authenticated: operator1 (operator)
2025-11-09 06:05:53 [INFO]: [CONTROL] Control granted to: operator1
2025-11-09 06:06:07 [INFO]: [UDP] Action executed: sit_stand
2025-11-09 06:06:18 [INFO]: [UDP] Mode changed to: move
2025-11-09 06:06:24 [INFO]: [UDP] Axis sending started (20Hz)
2025-11-09 06:06:39 [INFO]: [UDP] Axis sending started (20Hz)
2025-11-09 06:06:42 [INFO]: [UDP] Axis sending started (20Hz)
2025-11-09 06:06:46 [INFO]: [UDP] Axis sending started (20Hz)
2025-11-09 06:06:46 [INFO]: [UDP] Axis sending started (20Hz)
2025-11-09 06:06:52 [INFO]: [UDP] Axis sending started (20Hz)
2025-11-09 06:07:02 [INFO]: [UDP] Axis sending started (20Hz)
2025-11-09 06:07:09 [INFO]: [UDP] Mode changed to: pose
2025-11-09 06:07:10 [INFO]: [UDP] Action executed: sit_stand
2025-11-09 06:07:15 [INFO]: [UDP] Action executed: say_hello
2025-11-09 06:07:32 [INFO]: [UDP] Action executed: sit_stand
2025-11-09 06:08:01 [WARN]: [UDP] Axis control only works in MOVE mode
2025-11-09 06:08:01 [INFO]: [CONTROL] Control released by: operator1
2025-11-09 06:11:48 [INFO]: [WS] New connection: client_1762639908287_xuwbiyfcf from ::ffff:100.106.194.3
2025-11-09 06:12:00 [INFO]: [AUTH] Login attempt: operator1
2025-11-09 06:12:00 [INFO]: [AUTH] User authenticated: operator1 (operator)
2025-11-09 06:13:12 [INFO]: [WS] Client disconnected: client_1762639908287_xuwbiyfcf
2025-11-09 06:24:11 [INFO]: [WS] New connection: client_1762640651157_a3e8fgp7p from ::ffff:100.106.194.3
2025-11-09 06:24:26 [INFO]: [AUTH] Login attempt: operator1
2025-11-09 06:24:26 [INFO]: [AUTH] User authenticated: operator1 (operator)
2025-11-09 06:24:44 [INFO]: [CONTROL] Control granted to: operator1
2025-11-09 06:24:46 [INFO]: [UDP] Action executed: sit_stand
2025-11-09 06:25:03 [INFO]: [UDP] Action executed: sit_stand
2025-11-09 06:25:21 [INFO]: [UDP] Mode changed to: move
2025-11-09 06:25:28 [INFO]: [UDP] Axis sending started (20Hz)
2025-11-09 06:25:30 [INFO]: [UDP] Axis sending started (20Hz)
2025-11-09 06:25:37 [INFO]: [UDP] Mode changed to: pose
2025-11-09 06:25:40 [INFO]: [UDP] Action executed: sit_stand
2025-11-09 06:26:23 [INFO]: [SERVER] Shutting down...
2025-11-09 06:26:41 [INFO]: ============================================================
2025-11-09 06:26:41 [INFO]: Jueying Lite3 Multiplexor v2.1 - Hybrid ROS + UDP
2025-11-09 06:26:41 [INFO]: ============================================================
2025-11-09 06:26:41 [INFO]: [UDP] Initializing client...
2025-11-09 06:26:41 [INFO]: [UDP] Client ready. Target: 192.168.1.120:43893
2025-11-09 06:26:41 [INFO]: [UDP] Heartbeat started (250ms)
2025-11-09 06:26:41 [INFO]: [UDP] Mode changed to: pose
2025-11-09 06:26:41 [INFO]: [UDP] Client initialized
2025-11-09 06:26:41 [INFO]: [ROS] Connecting to rosbridge: ws://localhost:9090
2025-11-09 06:26:41 [INFO]: [ROS] Connected to rosbridge
2025-11-09 06:26:41 [INFO]: [ROS] Subscribed to telemetry topics
2025-11-09 06:26:41 [INFO]: [SERVER] WebSocket listening on port 8080
2025-11-09 06:26:41 [INFO]: [SERVER] Ready to accept connections
2025-11-09 06:26:41 [INFO]: ============================================================
2025-11-09 06:26:42 [INFO]: [WS] New connection: client_1762640802189_q6yn6habb from ::ffff:100.106.194.3
2025-11-09 06:26:42 [INFO]: [WS] New connection: client_1762640802199_4jqyc8ip3 from ::ffff:100.89.198.55
2025-11-09 06:27:19 [INFO]: [WS] Client disconnected: client_1762640802189_q6yn6habb
2025-11-09 06:27:19 [INFO]: [WS] New connection: client_1762640839636_qm211r7nw from ::ffff:100.106.194.3
2025-11-09 06:27:33 [INFO]: [AUTH] Login attempt: operator1
2025-11-09 06:27:33 [INFO]: [AUTH] User authenticated: operator1 (operator)
2025-11-09 06:27:50 [INFO]: [CONTROL] Control granted to: operator1
2025-11-09 06:27:52 [INFO]: [UDP] Action executed: sit_stand
2025-11-09 06:28:09 [WARN]: [UDP] Axis control only works in MOVE mode
2025-11-09 06:28:09 [INFO]: [CONTROL] Control released by: operator1
2025-11-09 06:29:09 [INFO]: [SERVER] Shutting down...
